{"level":"info","message":"Database connection established successfully","service":"cicd-dashboard","timestamp":"2025-12-21 22:43:44"}
{"level":"info","message":"Database models synchronized","service":"cicd-dashboard","timestamp":"2025-12-21 22:43:44"}
{"level":"info","message":"=================================","service":"cicd-dashboard","timestamp":"2025-12-21 22:43:44"}
{"level":"info","message":"🚀 Server running on port 5000","service":"cicd-dashboard","timestamp":"2025-12-21 22:43:44"}
{"level":"info","message":"📝 Environment: development","service":"cicd-dashboard","timestamp":"2025-12-21 22:43:44"}
{"level":"info","message":"🌐 API URL: http://localhost:5000","service":"cicd-dashboard","timestamp":"2025-12-21 22:43:44"}
{"level":"info","message":"💚 Health Check: http://localhost:5000/health","service":"cicd-dashboard","timestamp":"2025-12-21 22:43:44"}
{"level":"info","message":"=================================","service":"cicd-dashboard","timestamp":"2025-12-21 22:43:44"}
{"ip":"::1","level":"info","message":"GET /health","service":"cicd-dashboard","timestamp":"2025-12-21 22:46:16","userAgent":"Mozilla/5.0 (Windows NT 10.0; Win64; x64) AppleWebKit/537.36 (KHTML, like Gecko) Chrome/143.0.0.0 Safari/537.36 Edg/143.0.0.0"}
{"ip":"::1","level":"info","message":"GET /favicon.ico","service":"cicd-dashboard","timestamp":"2025-12-21 22:46:16","userAgent":"Mozilla/5.0 (Windows NT 10.0; Win64; x64) AppleWebKit/537.36 (KHTML, like Gecko) Chrome/143.0.0.0 Safari/537.36 Edg/143.0.0.0"}
{"level":"info","message":"Database connection established successfully","service":"cicd-dashboard","timestamp":"2025-12-21 22:56:23"}
{"level":"info","message":"Database models synchronized","service":"cicd-dashboard","timestamp":"2025-12-21 22:56:23"}
{"level":"info","message":"=================================","service":"cicd-dashboard","timestamp":"2025-12-21 22:56:23"}
{"level":"info","message":"🚀 Server running on port 5000","service":"cicd-dashboard","timestamp":"2025-12-21 22:56:23"}
{"level":"info","message":"📝 Environment: development","service":"cicd-dashboard","timestamp":"2025-12-21 22:56:23"}
{"level":"info","message":"🌐 API URL: http://localhost:5000","service":"cicd-dashboard","timestamp":"2025-12-21 22:56:23"}
{"level":"info","message":"💚 Health Check: http://localhost:5000/health","service":"cicd-dashboard","timestamp":"2025-12-21 22:56:23"}
{"level":"info","message":"=================================","service":"cicd-dashboard","timestamp":"2025-12-21 22:56:23"}
{"level":"info","message":"Database connection established successfully","service":"cicd-dashboard","timestamp":"2025-12-21 23:00:35"}
{"level":"info","message":"Database models synchronized","service":"cicd-dashboard","timestamp":"2025-12-21 23:00:35"}
{"level":"info","message":"=================================","service":"cicd-dashboard","timestamp":"2025-12-21 23:00:35"}
{"level":"info","message":"🚀 Server running on port 5000","service":"cicd-dashboard","timestamp":"2025-12-21 23:00:35"}
{"level":"info","message":"📝 Environment: development","service":"cicd-dashboard","timestamp":"2025-12-21 23:00:35"}
{"level":"info","message":"🌐 API URL: http://localhost:5000","service":"cicd-dashboard","timestamp":"2025-12-21 23:00:35"}
{"level":"info","message":"💚 Health Check: http://localhost:5000/health","service":"cicd-dashboard","timestamp":"2025-12-21 23:00:35"}
{"level":"info","message":"=================================","service":"cicd-dashboard","timestamp":"2025-12-21 23:00:35"}
{"level":"info","message":"Database connection established successfully","service":"cicd-dashboard","timestamp":"2025-12-27 13:43:22"}
{"level":"info","message":"Database models synchronized","service":"cicd-dashboard","timestamp":"2025-12-27 13:43:22"}
{"level":"info","message":"=================================","service":"cicd-dashboard","timestamp":"2025-12-27 13:43:22"}
{"level":"info","message":"🚀 Server running on port 5000","service":"cicd-dashboard","timestamp":"2025-12-27 13:43:22"}
{"level":"info","message":"📝 Environment: development","service":"cicd-dashboard","timestamp":"2025-12-27 13:43:22"}
{"level":"info","message":"🌐 API URL: http://localhost:5000","service":"cicd-dashboard","timestamp":"2025-12-27 13:43:22"}
{"level":"info","message":"💚 Health Check: http://localhost:5000/health","service":"cicd-dashboard","timestamp":"2025-12-27 13:43:22"}
{"level":"info","message":"=================================","service":"cicd-dashboard","timestamp":"2025-12-27 13:43:22"}
{"level":"info","message":"Database connection established successfully","service":"cicd-dashboard","timestamp":"2025-12-27 13:44:40"}
{"level":"info","message":"Database models synchronized","service":"cicd-dashboard","timestamp":"2025-12-27 13:44:40"}
{"level":"info","message":"=================================","service":"cicd-dashboard","timestamp":"2025-12-27 13:44:40"}
{"level":"info","message":"🚀 Server running on port 5000","service":"cicd-dashboard","timestamp":"2025-12-27 13:44:40"}
{"level":"info","message":"📝 Environment: development","service":"cicd-dashboard","timestamp":"2025-12-27 13:44:40"}
{"level":"info","message":"🌐 API URL: http://localhost:5000","service":"cicd-dashboard","timestamp":"2025-12-27 13:44:40"}
{"level":"info","message":"💚 Health Check: http://localhost:5000/health","service":"cicd-dashboard","timestamp":"2025-12-27 13:44:40"}
{"level":"info","message":"=================================","service":"cicd-dashboard","timestamp":"2025-12-27 13:44:40"}
{"level":"info","message":"Database connection established successfully","service":"cicd-dashboard","timestamp":"2025-12-27 13:45:08"}
{"level":"info","message":"Database models synchronized","service":"cicd-dashboard","timestamp":"2025-12-27 13:45:08"}
{"level":"info","message":"=================================","service":"cicd-dashboard","timestamp":"2025-12-27 13:45:08"}
{"level":"info","message":"🚀 Server running on port 5000","service":"cicd-dashboard","timestamp":"2025-12-27 13:45:08"}
{"level":"info","message":"📝 Environment: development","service":"cicd-dashboard","timestamp":"2025-12-27 13:45:08"}
{"level":"info","message":"🌐 API URL: http://localhost:5000","service":"cicd-dashboard","timestamp":"2025-12-27 13:45:08"}
{"level":"info","message":"💚 Health Check: http://localhost:5000/health","service":"cicd-dashboard","timestamp":"2025-12-27 13:45:08"}
{"level":"info","message":"=================================","service":"cicd-dashboard","timestamp":"2025-12-27 13:45:08"}
{"level":"info","message":"Database connection established successfully","service":"cicd-dashboard","timestamp":"2025-12-27 13:47:51"}
{"level":"info","message":"Database models synchronized","service":"cicd-dashboard","timestamp":"2025-12-27 13:47:51"}
{"level":"info","message":"=================================","service":"cicd-dashboard","timestamp":"2025-12-27 13:47:51"}
{"level":"info","message":"🚀 Server running on port 5000","service":"cicd-dashboard","timestamp":"2025-12-27 13:47:51"}
{"level":"info","message":"📝 Environment: development","service":"cicd-dashboard","timestamp":"2025-12-27 13:47:51"}
{"level":"info","message":"🌐 API URL: http://localhost:5000","service":"cicd-dashboard","timestamp":"2025-12-27 13:47:51"}
{"level":"info","message":"💚 Health Check: http://localhost:5000/health","service":"cicd-dashboard","timestamp":"2025-12-27 13:47:51"}
{"level":"info","message":"=================================","service":"cicd-dashboard","timestamp":"2025-12-27 13:47:51"}
{"level":"info","message":"Database connection established successfully","service":"cicd-dashboard","timestamp":"2025-12-27 13:49:25"}
{"level":"info","message":"Database models synchronized","service":"cicd-dashboard","timestamp":"2025-12-27 13:49:25"}
{"level":"info","message":"=================================","service":"cicd-dashboard","timestamp":"2025-12-27 13:49:25"}
{"level":"info","message":"🚀 Server running on port 5000","service":"cicd-dashboard","timestamp":"2025-12-27 13:49:25"}
{"level":"info","message":"📝 Environment: development","service":"cicd-dashboard","timestamp":"2025-12-27 13:49:25"}
{"level":"info","message":"🌐 API URL: http://localhost:5000","service":"cicd-dashboard","timestamp":"2025-12-27 13:49:25"}
{"level":"info","message":"💚 Health Check: http://localhost:5000/health","service":"cicd-dashboard","timestamp":"2025-12-27 13:49:25"}
{"level":"info","message":"=================================","service":"cicd-dashboard","timestamp":"2025-12-27 13:49:25"}
{"level":"info","message":"Database connection established successfully","service":"cicd-dashboard","timestamp":"2025-12-27 13:49:32"}
{"level":"info","message":"Database models synchronized","service":"cicd-dashboard","timestamp":"2025-12-27 13:49:32"}
{"level":"info","message":"=================================","service":"cicd-dashboard","timestamp":"2025-12-27 13:49:32"}
{"level":"info","message":"🚀 Server running on port 5000","service":"cicd-dashboard","timestamp":"2025-12-27 13:49:32"}
{"level":"info","message":"📝 Environment: development","service":"cicd-dashboard","timestamp":"2025-12-27 13:49:32"}
{"level":"info","message":"🌐 API URL: http://localhost:5000","service":"cicd-dashboard","timestamp":"2025-12-27 13:49:32"}
{"level":"info","message":"💚 Health Check: http://localhost:5000/health","service":"cicd-dashboard","timestamp":"2025-12-27 13:49:32"}
{"level":"info","message":"=================================","service":"cicd-dashboard","timestamp":"2025-12-27 13:49:32"}
{"level":"info","message":"Database connection established successfully","service":"cicd-dashboard","timestamp":"2025-12-27 13:50:23"}
{"level":"info","message":"Database models synchronized","service":"cicd-dashboard","timestamp":"2025-12-27 13:50:23"}
{"level":"info","message":"=================================","service":"cicd-dashboard","timestamp":"2025-12-27 13:50:23"}
{"level":"info","message":"🚀 Server running on port 5000","service":"cicd-dashboard","timestamp":"2025-12-27 13:50:23"}
{"level":"info","message":"📝 Environment: development","service":"cicd-dashboard","timestamp":"2025-12-27 13:50:23"}
{"level":"info","message":"🌐 API URL: http://localhost:5000","service":"cicd-dashboard","timestamp":"2025-12-27 13:50:23"}
{"level":"info","message":"💚 Health Check: http://localhost:5000/health","service":"cicd-dashboard","timestamp":"2025-12-27 13:50:23"}
{"level":"info","message":"=================================","service":"cicd-dashboard","timestamp":"2025-12-27 13:50:23"}
{"level":"info","message":"Database connection established successfully","service":"cicd-dashboard","timestamp":"2025-12-27 13:50:31"}
{"level":"info","message":"Database models synchronized","service":"cicd-dashboard","timestamp":"2025-12-27 13:50:31"}
{"level":"info","message":"=================================","service":"cicd-dashboard","timestamp":"2025-12-27 13:50:31"}
{"level":"info","message":"🚀 Server running on port 5000","service":"cicd-dashboard","timestamp":"2025-12-27 13:50:31"}
{"level":"info","message":"📝 Environment: development","service":"cicd-dashboard","timestamp":"2025-12-27 13:50:31"}
{"level":"info","message":"🌐 API URL: http://localhost:5000","service":"cicd-dashboard","timestamp":"2025-12-27 13:50:31"}
{"level":"info","message":"💚 Health Check: http://localhost:5000/health","service":"cicd-dashboard","timestamp":"2025-12-27 13:50:31"}
{"level":"info","message":"=================================","service":"cicd-dashboard","timestamp":"2025-12-27 13:50:31"}
{"level":"info","message":"Database connection established successfully","service":"cicd-dashboard","timestamp":"2025-12-27 13:50:47"}
{"level":"info","message":"Database models synchronized","service":"cicd-dashboard","timestamp":"2025-12-27 13:50:47"}
{"level":"info","message":"=================================","service":"cicd-dashboard","timestamp":"2025-12-27 13:50:47"}
{"level":"info","message":"🚀 Server running on port 5000","service":"cicd-dashboard","timestamp":"2025-12-27 13:50:47"}
{"level":"info","message":"📝 Environment: development","service":"cicd-dashboard","timestamp":"2025-12-27 13:50:47"}
{"level":"info","message":"🌐 API URL: http://localhost:5000","service":"cicd-dashboard","timestamp":"2025-12-27 13:50:47"}
{"level":"info","message":"💚 Health Check: http://localhost:5000/health","service":"cicd-dashboard","timestamp":"2025-12-27 13:50:47"}
{"level":"info","message":"=================================","service":"cicd-dashboard","timestamp":"2025-12-27 13:50:47"}
{"level":"info","message":"Database connection established successfully","service":"cicd-dashboard","timestamp":"2025-12-27 13:50:54"}
{"level":"info","message":"Database models synchronized","service":"cicd-dashboard","timestamp":"2025-12-27 13:50:54"}
{"level":"info","message":"=================================","service":"cicd-dashboard","timestamp":"2025-12-27 13:50:54"}
{"level":"info","message":"🚀 Server running on port 5000","service":"cicd-dashboard","timestamp":"2025-12-27 13:50:54"}
{"level":"info","message":"📝 Environment: development","service":"cicd-dashboard","timestamp":"2025-12-27 13:50:54"}
{"level":"info","message":"🌐 API URL: http://localhost:5000","service":"cicd-dashboard","timestamp":"2025-12-27 13:50:54"}
{"level":"info","message":"💚 Health Check: http://localhost:5000/health","service":"cicd-dashboard","timestamp":"2025-12-27 13:50:54"}
{"level":"info","message":"=================================","service":"cicd-dashboard","timestamp":"2025-12-27 13:50:54"}
{"level":"info","message":"Database connection established successfully","service":"cicd-dashboard","timestamp":"2025-12-27 13:51:06"}
{"level":"info","message":"Database models synchronized","service":"cicd-dashboard","timestamp":"2025-12-27 13:51:06"}
{"level":"info","message":"=================================","service":"cicd-dashboard","timestamp":"2025-12-27 13:51:06"}
{"level":"info","message":"🚀 Server running on port 5000","service":"cicd-dashboard","timestamp":"2025-12-27 13:51:06"}
{"level":"info","message":"📝 Environment: development","service":"cicd-dashboard","timestamp":"2025-12-27 13:51:06"}
{"level":"info","message":"🌐 API URL: http://localhost:5000","service":"cicd-dashboard","timestamp":"2025-12-27 13:51:06"}
{"level":"info","message":"💚 Health Check: http://localhost:5000/health","service":"cicd-dashboard","timestamp":"2025-12-27 13:51:06"}
{"level":"info","message":"=================================","service":"cicd-dashboard","timestamp":"2025-12-27 13:51:06"}
{"level":"info","message":"Database connection established successfully","service":"cicd-dashboard","timestamp":"2025-12-27 13:51:13"}
{"level":"info","message":"Database models synchronized","service":"cicd-dashboard","timestamp":"2025-12-27 13:51:13"}
{"level":"info","message":"=================================","service":"cicd-dashboard","timestamp":"2025-12-27 13:51:13"}
{"level":"info","message":"🚀 Server running on port 5000","service":"cicd-dashboard","timestamp":"2025-12-27 13:51:13"}
{"level":"info","message":"📝 Environment: development","service":"cicd-dashboard","timestamp":"2025-12-27 13:51:13"}
{"level":"info","message":"🌐 API URL: http://localhost:5000","service":"cicd-dashboard","timestamp":"2025-12-27 13:51:13"}
{"level":"info","message":"💚 Health Check: http://localhost:5000/health","service":"cicd-dashboard","timestamp":"2025-12-27 13:51:13"}
{"level":"info","message":"=================================","service":"cicd-dashboard","timestamp":"2025-12-27 13:51:13"}
{"level":"info","message":"Database connection established successfully","service":"cicd-dashboard","timestamp":"2025-12-27 13:51:29"}
{"level":"info","message":"Database models synchronized","service":"cicd-dashboard","timestamp":"2025-12-27 13:51:29"}
{"level":"info","message":"=================================","service":"cicd-dashboard","timestamp":"2025-12-27 13:51:29"}
{"level":"info","message":"🚀 Server running on port 5000","service":"cicd-dashboard","timestamp":"2025-12-27 13:51:29"}
{"level":"info","message":"📝 Environment: development","service":"cicd-dashboard","timestamp":"2025-12-27 13:51:29"}
{"level":"info","message":"🌐 API URL: http://localhost:5000","service":"cicd-dashboard","timestamp":"2025-12-27 13:51:29"}
{"level":"info","message":"💚 Health Check: http://localhost:5000/health","service":"cicd-dashboard","timestamp":"2025-12-27 13:51:29"}
{"level":"info","message":"=================================","service":"cicd-dashboard","timestamp":"2025-12-27 13:51:29"}
{"level":"info","message":"Database connection established successfully","service":"cicd-dashboard","timestamp":"2025-12-27 13:51:42"}
{"level":"info","message":"Database models synchronized","service":"cicd-dashboard","timestamp":"2025-12-27 13:51:42"}
{"level":"info","message":"=================================","service":"cicd-dashboard","timestamp":"2025-12-27 13:51:42"}
{"level":"info","message":"🚀 Server running on port 5000","service":"cicd-dashboard","timestamp":"2025-12-27 13:51:42"}
{"level":"info","message":"📝 Environment: development","service":"cicd-dashboard","timestamp":"2025-12-27 13:51:42"}
{"level":"info","message":"🌐 API URL: http://localhost:5000","service":"cicd-dashboard","timestamp":"2025-12-27 13:51:42"}
{"level":"info","message":"💚 Health Check: http://localhost:5000/health","service":"cicd-dashboard","timestamp":"2025-12-27 13:51:42"}
{"level":"info","message":"=================================","service":"cicd-dashboard","timestamp":"2025-12-27 13:51:42"}
{"level":"info","message":"Database connection established successfully","service":"cicd-dashboard","timestamp":"2025-12-27 13:51:50"}
{"level":"info","message":"Database models synchronized","service":"cicd-dashboard","timestamp":"2025-12-27 13:51:50"}
{"level":"info","message":"=================================","service":"cicd-dashboard","timestamp":"2025-12-27 13:51:50"}
{"level":"info","message":"🚀 Server running on port 5000","service":"cicd-dashboard","timestamp":"2025-12-27 13:51:50"}
{"level":"info","message":"📝 Environment: development","service":"cicd-dashboard","timestamp":"2025-12-27 13:51:50"}
{"level":"info","message":"🌐 API URL: http://localhost:5000","service":"cicd-dashboard","timestamp":"2025-12-27 13:51:50"}
{"level":"info","message":"💚 Health Check: http://localhost:5000/health","service":"cicd-dashboard","timestamp":"2025-12-27 13:51:50"}
{"level":"info","message":"=================================","service":"cicd-dashboard","timestamp":"2025-12-27 13:51:50"}
{"level":"info","message":"Database connection established successfully","service":"cicd-dashboard","timestamp":"2025-12-27 13:53:19"}
{"level":"info","message":"Database models synchronized","service":"cicd-dashboard","timestamp":"2025-12-27 13:53:19"}
{"level":"info","message":"=================================","service":"cicd-dashboard","timestamp":"2025-12-27 13:53:19"}
{"level":"info","message":"🚀 Server running on port 5000","service":"cicd-dashboard","timestamp":"2025-12-27 13:53:19"}
{"level":"info","message":"📝 Environment: development","service":"cicd-dashboard","timestamp":"2025-12-27 13:53:19"}
{"level":"info","message":"🌐 API URL: http://localhost:5000","service":"cicd-dashboard","timestamp":"2025-12-27 13:53:19"}
{"level":"info","message":"💚 Health Check: http://localhost:5000/health","service":"cicd-dashboard","timestamp":"2025-12-27 13:53:19"}
{"level":"info","message":"=================================","service":"cicd-dashboard","timestamp":"2025-12-27 13:53:19"}
{"level":"info","message":"Database connection established successfully","service":"cicd-dashboard","timestamp":"2025-12-27 13:53:30"}
{"level":"info","message":"Database models synchronized","service":"cicd-dashboard","timestamp":"2025-12-27 13:53:30"}
{"level":"info","message":"=================================","service":"cicd-dashboard","timestamp":"2025-12-27 13:53:30"}
{"level":"info","message":"🚀 Server running on port 5000","service":"cicd-dashboard","timestamp":"2025-12-27 13:53:30"}
{"level":"info","message":"📝 Environment: development","service":"cicd-dashboard","timestamp":"2025-12-27 13:53:30"}
{"level":"info","message":"🌐 API URL: http://localhost:5000","service":"cicd-dashboard","timestamp":"2025-12-27 13:53:30"}
{"level":"info","message":"💚 Health Check: http://localhost:5000/health","service":"cicd-dashboard","timestamp":"2025-12-27 13:53:30"}
{"level":"info","message":"=================================","service":"cicd-dashboard","timestamp":"2025-12-27 13:53:30"}
{"ip":"::1","level":"info","message":"GET /api/projects","service":"cicd-dashboard","timestamp":"2025-12-27 13:54:12","userAgent":"PostmanRuntime/7.51.0"}
{"ip":"::1","level":"info","message":"GET /api/builds","service":"cicd-dashboard","timestamp":"2025-12-27 13:54:27","userAgent":"PostmanRuntime/7.51.0"}
{"ip":"::1","level":"info","message":"GET /api/builds/trigger","service":"cicd-dashboard","timestamp":"2025-12-27 13:54:38","userAgent":"PostmanRuntime/7.51.0"}
{"level":"error","message":"Error occurred: invalid input syntax for type uuid: \"trigger\"","name":"SequelizeDatabaseError","original":{"code":"22P02","file":"uuid.c","length":107,"line":"133","name":"error","position":"592","routine":"string_to_uuid","severity":"ERROR","sql":"SELECT \"Build\".\"id\", \"Build\".\"buildNumber\", \"Build\".\"status\", \"Build\".\"commit\", \"Build\".\"commitMessage\", \"Build\".\"branch\", \"Build\".\"author\", \"Build\".\"authorEmail\", \"Build\".\"logs\", \"Build\".\"startedAt\", \"Build\".\"completedAt\", \"Build\".\"triggeredBy\", \"Build\".\"createdAt\", \"Build\".\"updatedAt\", \"Build\".\"projectId\", \"project\".\"id\" AS \"project.id\", \"project\".\"name\" AS \"project.name\", \"project\".\"repository\" AS \"project.repository\", \"project\".\"branch\" AS \"project.branch\" FROM \"builds\" AS \"Build\" LEFT OUTER JOIN \"projects\" AS \"project\" ON \"Build\".\"projectId\" = \"project\".\"id\" WHERE \"Build\".\"id\" = 'trigger';"},"parameters":{},"parent":{"code":"22P02","file":"uuid.c","length":107,"line":"133","name":"error","position":"592","routine":"string_to_uuid","severity":"ERROR","sql":"SELECT \"Build\".\"id\", \"Build\".\"buildNumber\", \"Build\".\"status\", \"Build\".\"commit\", \"Build\".\"commitMessage\", \"Build\".\"branch\", \"Build\".\"author\", \"Build\".\"authorEmail\", \"Build\".\"logs\", \"Build\".\"startedAt\", \"Build\".\"completedAt\", \"Build\".\"triggeredBy\", \"Build\".\"createdAt\", \"Build\".\"updatedAt\", \"Build\".\"projectId\", \"project\".\"id\" AS \"project.id\", \"project\".\"name\" AS \"project.name\", \"project\".\"repository\" AS \"project.repository\", \"project\".\"branch\" AS \"project.branch\" FROM \"builds\" AS \"Build\" LEFT OUTER JOIN \"projects\" AS \"project\" ON \"Build\".\"projectId\" = \"project\".\"id\" WHERE \"Build\".\"id\" = 'trigger';"},"service":"cicd-dashboard","sql":"SELECT \"Build\".\"id\", \"Build\".\"buildNumber\", \"Build\".\"status\", \"Build\".\"commit\", \"Build\".\"commitMessage\", \"Build\".\"branch\", \"Build\".\"author\", \"Build\".\"authorEmail\", \"Build\".\"logs\", \"Build\".\"startedAt\", \"Build\".\"completedAt\", \"Build\".\"triggeredBy\", \"Build\".\"createdAt\", \"Build\".\"updatedAt\", \"Build\".\"projectId\", \"project\".\"id\" AS \"project.id\", \"project\".\"name\" AS \"project.name\", \"project\".\"repository\" AS \"project.repository\", \"project\".\"branch\" AS \"project.branch\" FROM \"builds\" AS \"Build\" LEFT OUTER JOIN \"projects\" AS \"project\" ON \"Build\".\"projectId\" = \"project\".\"id\" WHERE \"Build\".\"id\" = 'trigger';","stack":"Error\n    at Query.run (D:\\cicd-dashboard\\backend\\node_modules\\sequelize\\lib\\dialects\\postgres\\query.js:50:25)\n    at D:\\cicd-dashboard\\backend\\node_modules\\sequelize\\lib\\sequelize.js:315:28\n    at process.processTicksAndRejections (node:internal/process/task_queues:105:5)\n    at async PostgresQueryInterface.select (D:\\cicd-dashboard\\backend\\node_modules\\sequelize\\lib\\dialects\\abstract\\query-interface.js:407:12)\n    at async Build.findAll (D:\\cicd-dashboard\\backend\\node_modules\\sequelize\\lib\\model.js:1140:21)\n    at async Build.findOne (D:\\cicd-dashboard\\backend\\node_modules\\sequelize\\lib\\model.js:1240:12)\n    at async Build.findByPk (D:\\cicd-dashboard\\backend\\node_modules\\sequelize\\lib\\model.js:1221:12)\n    at async exports.getBuild (D:\\cicd-dashboard\\backend\\src\\controllers\\buildController.js:52:19)","timestamp":"2025-12-27 13:54:38"}
{"ip":"::1","level":"info","message":"GET /api/builds/%7Bbuild-id%7D/logs","service":"cicd-dashboard","timestamp":"2025-12-27 13:55:36","userAgent":"PostmanRuntime/7.51.0"}
{"level":"error","message":"Error occurred: invalid input syntax for type uuid: \"{build-id}\"","name":"SequelizeDatabaseError","original":{"code":"22P02","file":"uuid.c","length":110,"line":"133","name":"error","position":"120","routine":"string_to_uuid","severity":"ERROR","sql":"SELECT \"id\", \"buildNumber\", \"status\", \"logs\", \"startedAt\", \"completedAt\" FROM \"builds\" AS \"Build\" WHERE \"Build\".\"id\" = '{build-id}';"},"parameters":{},"parent":{"code":"22P02","file":"uuid.c","length":110,"line":"133","name":"error","position":"120","routine":"string_to_uuid","severity":"ERROR","sql":"SELECT \"id\", \"buildNumber\", \"status\", \"logs\", \"startedAt\", \"completedAt\" FROM \"builds\" AS \"Build\" WHERE \"Build\".\"id\" = '{build-id}';"},"service":"cicd-dashboard","sql":"SELECT \"id\", \"buildNumber\", \"status\", \"logs\", \"startedAt\", \"completedAt\" FROM \"builds\" AS \"Build\" WHERE \"Build\".\"id\" = '{build-id}';","stack":"Error\n    at Query.run (D:\\cicd-dashboard\\backend\\node_modules\\sequelize\\lib\\dialects\\postgres\\query.js:50:25)\n    at D:\\cicd-dashboard\\backend\\node_modules\\sequelize\\lib\\sequelize.js:315:28\n    at process.processTicksAndRejections (node:internal/process/task_queues:105:5)\n    at async PostgresQueryInterface.select (D:\\cicd-dashboard\\backend\\node_modules\\sequelize\\lib\\dialects\\abstract\\query-interface.js:407:12)\n    at async Build.findAll (D:\\cicd-dashboard\\backend\\node_modules\\sequelize\\lib\\model.js:1140:21)\n    at async Build.findOne (D:\\cicd-dashboard\\backend\\node_modules\\sequelize\\lib\\model.js:1240:12)\n    at async Build.findByPk (D:\\cicd-dashboard\\backend\\node_modules\\sequelize\\lib\\model.js:1221:12)\n    at async exports.getBuildLogs (D:\\cicd-dashboard\\backend\\src\\controllers\\buildController.js:247:19)","timestamp":"2025-12-27 13:55:36"}
{"ip":"::1","level":"info","message":"GET /api/builds/%7Bbuild-id%7D/logs","service":"cicd-dashboard","timestamp":"2025-12-27 13:55:39","userAgent":"PostmanRuntime/7.51.0"}
{"level":"error","message":"Error occurred: invalid input syntax for type uuid: \"{build-id}\"","name":"SequelizeDatabaseError","original":{"code":"22P02","file":"uuid.c","length":110,"line":"133","name":"error","position":"120","routine":"string_to_uuid","severity":"ERROR","sql":"SELECT \"id\", \"buildNumber\", \"status\", \"logs\", \"startedAt\", \"completedAt\" FROM \"builds\" AS \"Build\" WHERE \"Build\".\"id\" = '{build-id}';"},"parameters":{},"parent":{"code":"22P02","file":"uuid.c","length":110,"line":"133","name":"error","position":"120","routine":"string_to_uuid","severity":"ERROR","sql":"SELECT \"id\", \"buildNumber\", \"status\", \"logs\", \"startedAt\", \"completedAt\" FROM \"builds\" AS \"Build\" WHERE \"Build\".\"id\" = '{build-id}';"},"service":"cicd-dashboard","sql":"SELECT \"id\", \"buildNumber\", \"status\", \"logs\", \"startedAt\", \"completedAt\" FROM \"builds\" AS \"Build\" WHERE \"Build\".\"id\" = '{build-id}';","stack":"Error\n    at Query.run (D:\\cicd-dashboard\\backend\\node_modules\\sequelize\\lib\\dialects\\postgres\\query.js:50:25)\n    at D:\\cicd-dashboard\\backend\\node_modules\\sequelize\\lib\\sequelize.js:315:28\n    at process.processTicksAndRejections (node:internal/process/task_queues:105:5)\n    at async PostgresQueryInterface.select (D:\\cicd-dashboard\\backend\\node_modules\\sequelize\\lib\\dialects\\abstract\\query-interface.js:407:12)\n    at async Build.findAll (D:\\cicd-dashboard\\backend\\node_modules\\sequelize\\lib\\model.js:1140:21)\n    at async Build.findOne (D:\\cicd-dashboard\\backend\\node_modules\\sequelize\\lib\\model.js:1240:12)\n    at async Build.findByPk (D:\\cicd-dashboard\\backend\\node_modules\\sequelize\\lib\\model.js:1221:12)\n    at async exports.getBuildLogs (D:\\cicd-dashboard\\backend\\src\\controllers\\buildController.js:247:19)","timestamp":"2025-12-27 13:55:39"}
{"ip":"::1","level":"info","message":"GET /api/builds/%7Bbuild-id%7D/logs","service":"cicd-dashboard","timestamp":"2025-12-27 13:55:40","userAgent":"PostmanRuntime/7.51.0"}
{"level":"error","message":"Error occurred: invalid input syntax for type uuid: \"{build-id}\"","name":"SequelizeDatabaseError","original":{"code":"22P02","file":"uuid.c","length":110,"line":"133","name":"error","position":"120","routine":"string_to_uuid","severity":"ERROR","sql":"SELECT \"id\", \"buildNumber\", \"status\", \"logs\", \"startedAt\", \"completedAt\" FROM \"builds\" AS \"Build\" WHERE \"Build\".\"id\" = '{build-id}';"},"parameters":{},"parent":{"code":"22P02","file":"uuid.c","length":110,"line":"133","name":"error","position":"120","routine":"string_to_uuid","severity":"ERROR","sql":"SELECT \"id\", \"buildNumber\", \"status\", \"logs\", \"startedAt\", \"completedAt\" FROM \"builds\" AS \"Build\" WHERE \"Build\".\"id\" = '{build-id}';"},"service":"cicd-dashboard","sql":"SELECT \"id\", \"buildNumber\", \"status\", \"logs\", \"startedAt\", \"completedAt\" FROM \"builds\" AS \"Build\" WHERE \"Build\".\"id\" = '{build-id}';","stack":"Error\n    at Query.run (D:\\cicd-dashboard\\backend\\node_modules\\sequelize\\lib\\dialects\\postgres\\query.js:50:25)\n    at D:\\cicd-dashboard\\backend\\node_modules\\sequelize\\lib\\sequelize.js:315:28\n    at process.processTicksAndRejections (node:internal/process/task_queues:105:5)\n    at async PostgresQueryInterface.select (D:\\cicd-dashboard\\backend\\node_modules\\sequelize\\lib\\dialects\\abstract\\query-interface.js:407:12)\n    at async Build.findAll (D:\\cicd-dashboard\\backend\\node_modules\\sequelize\\lib\\model.js:1140:21)\n    at async Build.findOne (D:\\cicd-dashboard\\backend\\node_modules\\sequelize\\lib\\model.js:1240:12)\n    at async Build.findByPk (D:\\cicd-dashboard\\backend\\node_modules\\sequelize\\lib\\model.js:1221:12)\n    at async exports.getBuildLogs (D:\\cicd-dashboard\\backend\\src\\controllers\\buildController.js:247:19)","timestamp":"2025-12-27 13:55:40"}
{"ip":"::1","level":"info","message":"POST /api/builds/trigger","service":"cicd-dashboard","timestamp":"2025-12-27 13:56:17","userAgent":"PostmanRuntime/7.51.0"}
{"ip":"::1","level":"info","message":"POST /api/builds/trigger","service":"cicd-dashboard","timestamp":"2025-12-27 13:57:19","userAgent":"PostmanRuntime/7.51.0"}
{"level":"error","message":"Error occurred: invalid input syntax for type uuid: \"your-project-id-here\"","name":"SequelizeDatabaseError","original":{"code":"22P02","file":"uuid.c","length":120,"line":"133","name":"error","position":"266","routine":"string_to_uuid","severity":"ERROR","sql":"SELECT \"id\", \"name\", \"description\", \"repository\", \"branch\", \"buildCommand\", \"deployCommand\", \"status\", \"lastBuildAt\", \"lastBuildStatus\", \"totalBuilds\", \"successfulBuilds\", \"failedBuilds\", \"createdAt\", \"updatedAt\" FROM \"projects\" AS \"Project\" WHERE \"Project\".\"id\" = 'your-project-id-here';"},"parameters":{},"parent":{"code":"22P02","file":"uuid.c","length":120,"line":"133","name":"error","position":"266","routine":"string_to_uuid","severity":"ERROR","sql":"SELECT \"id\", \"name\", \"description\", \"repository\", \"branch\", \"buildCommand\", \"deployCommand\", \"status\", \"lastBuildAt\", \"lastBuildStatus\", \"totalBuilds\", \"successfulBuilds\", \"failedBuilds\", \"createdAt\", \"updatedAt\" FROM \"projects\" AS \"Project\" WHERE \"Project\".\"id\" = 'your-project-id-here';"},"service":"cicd-dashboard","sql":"SELECT \"id\", \"name\", \"description\", \"repository\", \"branch\", \"buildCommand\", \"deployCommand\", \"status\", \"lastBuildAt\", \"lastBuildStatus\", \"totalBuilds\", \"successfulBuilds\", \"failedBuilds\", \"createdAt\", \"updatedAt\" FROM \"projects\" AS \"Project\" WHERE \"Project\".\"id\" = 'your-project-id-here';","stack":"Error\n    at Query.run (D:\\cicd-dashboard\\backend\\node_modules\\sequelize\\lib\\dialects\\postgres\\query.js:50:25)\n    at D:\\cicd-dashboard\\backend\\node_modules\\sequelize\\lib\\sequelize.js:315:28\n    at process.processTicksAndRejections (node:internal/process/task_queues:105:5)\n    at async PostgresQueryInterface.select (D:\\cicd-dashboard\\backend\\node_modules\\sequelize\\lib\\dialects\\abstract\\query-interface.js:407:12)\n    at async Project.findAll (D:\\cicd-dashboard\\backend\\node_modules\\sequelize\\lib\\model.js:1140:21)\n    at async Project.findOne (D:\\cicd-dashboard\\backend\\node_modules\\sequelize\\lib\\model.js:1240:12)\n    at async Project.findByPk (D:\\cicd-dashboard\\backend\\node_modules\\sequelize\\lib\\model.js:1221:12)\n    at async exports.triggerBuild (D:\\cicd-dashboard\\backend\\src\\controllers\\buildController.js:88:21)","timestamp":"2025-12-27 13:57:19"}
{"ip":"::1","level":"info","message":"POST /api/builds/trigger","service":"cicd-dashboard","timestamp":"2025-12-27 13:57:43","userAgent":"PostmanRuntime/7.51.0"}
{"level":"error","message":"Error occurred: invalid input syntax for type uuid: \"your-project-id-here\"","name":"SequelizeDatabaseError","original":{"code":"22P02","file":"uuid.c","length":120,"line":"133","name":"error","position":"266","routine":"string_to_uuid","severity":"ERROR","sql":"SELECT \"id\", \"name\", \"description\", \"repository\", \"branch\", \"buildCommand\", \"deployCommand\", \"status\", \"lastBuildAt\", \"lastBuildStatus\", \"totalBuilds\", \"successfulBuilds\", \"failedBuilds\", \"createdAt\", \"updatedAt\" FROM \"projects\" AS \"Project\" WHERE \"Project\".\"id\" = 'your-project-id-here';"},"parameters":{},"parent":{"code":"22P02","file":"uuid.c","length":120,"line":"133","name":"error","position":"266","routine":"string_to_uuid","severity":"ERROR","sql":"SELECT \"id\", \"name\", \"description\", \"repository\", \"branch\", \"buildCommand\", \"deployCommand\", \"status\", \"lastBuildAt\", \"lastBuildStatus\", \"totalBuilds\", \"successfulBuilds\", \"failedBuilds\", \"createdAt\", \"updatedAt\" FROM \"projects\" AS \"Project\" WHERE \"Project\".\"id\" = 'your-project-id-here';"},"service":"cicd-dashboard","sql":"SELECT \"id\", \"name\", \"description\", \"repository\", \"branch\", \"buildCommand\", \"deployCommand\", \"status\", \"lastBuildAt\", \"lastBuildStatus\", \"totalBuilds\", \"successfulBuilds\", \"failedBuilds\", \"createdAt\", \"updatedAt\" FROM \"projects\" AS \"Project\" WHERE \"Project\".\"id\" = 'your-project-id-here';","stack":"Error\n    at Query.run (D:\\cicd-dashboard\\backend\\node_modules\\sequelize\\lib\\dialects\\postgres\\query.js:50:25)\n    at D:\\cicd-dashboard\\backend\\node_modules\\sequelize\\lib\\sequelize.js:315:28\n    at process.processTicksAndRejections (node:internal/process/task_queues:105:5)\n    at async PostgresQueryInterface.select (D:\\cicd-dashboard\\backend\\node_modules\\sequelize\\lib\\dialects\\abstract\\query-interface.js:407:12)\n    at async Project.findAll (D:\\cicd-dashboard\\backend\\node_modules\\sequelize\\lib\\model.js:1140:21)\n    at async Project.findOne (D:\\cicd-dashboard\\backend\\node_modules\\sequelize\\lib\\model.js:1240:12)\n    at async Project.findByPk (D:\\cicd-dashboard\\backend\\node_modules\\sequelize\\lib\\model.js:1221:12)\n    at async exports.triggerBuild (D:\\cicd-dashboard\\backend\\src\\controllers\\buildController.js:88:21)","timestamp":"2025-12-27 13:57:43"}
{"ip":"::1","level":"info","message":"GET /api/projects","service":"cicd-dashboard","timestamp":"2025-12-27 13:58:24","userAgent":"PostmanRuntime/7.51.0"}
{"ip":"::1","level":"info","message":"GET /api/projects/d438d17a-1505-4bd1-ab41-dc7015f9b4e7","service":"cicd-dashboard","timestamp":"2025-12-27 13:58:54","userAgent":"PostmanRuntime/7.51.0"}
{"ip":"::1","level":"info","message":"GET /api/builds","service":"cicd-dashboard","timestamp":"2025-12-27 13:59:06","userAgent":"PostmanRuntime/7.51.0"}
{"ip":"::1","level":"info","message":"POST /api/builds/trigger","service":"cicd-dashboard","timestamp":"2025-12-27 13:59:51","userAgent":"PostmanRuntime/7.51.0"}
{"ip":"::1","level":"info","message":"GET /api/projects","service":"cicd-dashboard","timestamp":"2025-12-27 14:01:13","userAgent":"PostmanRuntime/7.51.0"}
{"ip":"::1","level":"info","message":"POST /api/builds/trigger","service":"cicd-dashboard","timestamp":"2025-12-27 14:02:14","userAgent":"PostmanRuntime/7.51.0"}
